==14216== Profiling application: ./nbody 30720 0.01f 1 1024 0 4096 128 ../sampledata/30720.h5 stepBOutput.h5
==14216== Profiling result:
==14216== Metric result:
Invocations                               Metric Name                                    Metric Description         Min         Max         Avg
Device "Tesla K20m (0)"
    Kernel: calculate_velocity(t_particles, t_particles, int, float)
          1                        flop_sp_efficiency                          FLOP Efficiency(Peak Single)       9.28%       9.28%       9.28%
          1                             sm_efficiency                               Multiprocessor Activity      77.23%      77.23%      77.23%
          1                        alu_fu_utilization                  Arithmetic Function Unit Utilization     Mid (5)     Mid (5)     Mid (5)
          1                          gld_transactions                              Global Load Transactions   117974400   117974400   117974400
          1                  l1_cache_global_hit_rate                                    L1 Global Hit Rate       0.00%       0.00%       0.00%
          1                  shared_load_transactions                              Shared Load Transactions           0           0           0
          1                            gld_efficiency                         Global Memory Load Efficiency      12.53%      12.53%      12.53%
          1                  gld_requested_throughput                      Requested Global Load Throughput  3.7199GB/s  3.7199GB/s  3.7199GB/s
          1                  gst_requested_throughput                     Requested Global Store Throughput  5.9364MB/s  5.9364MB/s  5.9364MB/s
          1                        achieved_occupancy                                    Achieved Occupancy    0.499634    0.499634    0.499634
          1                         shared_efficiency                              Shared Memory Efficiency       0.00%       0.00%       0.00%
          1                             flop_count_sp           Floating Point Operations(Single Precision)  3.8693e+10  3.8693e+10  3.8693e+10
          1                         flop_count_sp_add       Floating Point Operations(Single Precision Add)  6606090240  6606090240  6606090240
          1                         flop_count_sp_mul        Floating Point Operation(Single Precision Mul)  7549716480  7549716480  7549716480
          1                         flop_count_sp_fma       Floating Point Operations(Single Precision FMA)  1.2268e+10  1.2268e+10  1.2268e+10
          1                             flop_count_dp           Floating Point Operations(Double Precision)           0           0           0
          1                     flop_count_sp_special   Floating Point Operations(Single Precision Special)  1887406080  1887406080  1887406080
(py-test-env) [dd-20-28-245@cn198.anselm step1]$
