==17766== NVPROF is profiling process 17766, command: ./nbody 30720 0.01f 1 1024 0 4096 128 ../sampledata/30720.h5 stepBOutput.h5
==17766== Some kernel(s) will be replayed on device 0 in order to collect all events/metrics.
Replaying kernel "calculate_velocity(t_particles, t_particles, int, float)" (done)
Time: 20.860548 sl events
Center of mass on CPU:
49.9385, 50.1417, 50.1146, 3.85725e+13
Center of mass on GPU:
0, 0, 0, 0
==17766== Profiling application: ./nbody 30720 0.01f 1 1024 0 4096 128 ../sampledata/30720.h5 stepBOutput.h5
==17766== Profiling result:
==17766== Metric result:
Invocations                               Metric Name                                    Metric Description         Min         Max         Avg
Device "Tesla K20m (0)"
    Kernel: calculate_velocity(t_particles, t_particles, int, float)
          1                        flop_sp_efficiency                          FLOP Efficiency(Peak Single)      11.48%      11.48%      11.48%
          1                             sm_efficiency                               Multiprocessor Activity      77.05%      77.05%      77.05%
          1                        alu_fu_utilization                  Arithmetic Function Unit Utilization     Mid (5)     Mid (5)     Mid (5)
          1                          gld_transactions                              Global Load Transactions   117971520   117971520   117971520
          1                  l1_cache_global_hit_rate                                    L1 Global Hit Rate       0.00%       0.00%       0.00%
          1                  shared_load_transactions                              Shared Load Transactions           0           0           0
          1                            gld_efficiency                         Global Memory Load Efficiency      12.52%      12.52%      12.52%
          1                  gld_requested_throughput                      Requested Global Load Throughput  4.6013GB/s  4.6013GB/s  4.6013GB/s
          1                  gst_requested_throughput                     Requested Global Store Throughput  7.3486MB/s  7.3486MB/s  7.3486MB/s
          1                        achieved_occupancy                                    Achieved Occupancy    0.499584    0.499584    0.499584
          1                         shared_efficiency                              Shared Memory Efficiency       0.00%       0.00%       0.00%
          1                            gst_efficiency                        Global Memory Store Efficiency     100.00%     100.00%     100.00%
          1                            gst_throughput                               Global Store Throughput  7.3486MB/s  7.3486MB/s  7.3486MB/s
          1                            gld_throughput                                Global Load Throughput  36.752GB/s  36.752GB/s  36.752GB/s
          1                   stall_memory_dependency                    Issue Stall Reasons (Data Request)      12.76%      12.76%      12.76%
          1                             flop_count_sp           Floating Point Operations(Single Precision)  3.8693e+10  3.8693e+10  3.8693e+10
          1                         flop_count_sp_add       Floating Point Operations(Single Precision Add)  6606090240  6606090240  6606090240
          1                         flop_count_sp_mul        Floating Point Operation(Single Precision Mul)  7549716480  7549716480  7549716480
          1                         flop_count_sp_fma       Floating Point Operations(Single Precision FMA)  1.2268e+10  1.2268e+10  1.2268e+10
          1                             flop_count_dp           Floating Point Operations(Double Precision)           0           0           0
          1                     flop_count_sp_special   Floating Point Operations(Single Precision Special)  1887406080  1887406080  1887406080
[dd-20-28-245@cn196.anselm step1]$
